mode: count
github.com/sapcc/hermescli/client/attributes.go:26.71,27.55 1 1
github.com/sapcc/hermescli/client/attributes.go:27.55,28.32 1 0
github.com/sapcc/hermescli/client/attributes.go:28.32,29.43 1 0
github.com/sapcc/hermescli/client/attributes.go:29.43,31.5 1 0
github.com/sapcc/hermescli/client/attributes.go:33.3,33.13 1 0
github.com/sapcc/hermescli/client/attributes.go:43.57,44.55 1 0
github.com/sapcc/hermescli/client/attributes.go:44.55,46.4 1 0
github.com/sapcc/hermescli/client/attributes.go:48.3,48.32 1 0
github.com/sapcc/hermescli/client/attributes.go:50.54,53.17 2 0
github.com/sapcc/hermescli/client/attributes.go:53.17,55.4 1 0
github.com/sapcc/hermescli/client/attributes.go:57.3,60.36 3 0
github.com/sapcc/hermescli/client/attributes.go:60.36,62.4 1 0
github.com/sapcc/hermescli/client/attributes.go:64.3,72.29 3 0
github.com/sapcc/hermescli/client/attributes.go:72.29,73.100 1 0
github.com/sapcc/hermescli/client/attributes.go:73.100,75.19 2 0
github.com/sapcc/hermescli/client/attributes.go:75.19,77.6 1 0
github.com/sapcc/hermescli/client/attributes.go:79.5,81.21 2 0
github.com/sapcc/hermescli/client/attributes.go:83.4,83.18 1 0
github.com/sapcc/hermescli/client/attributes.go:83.18,84.53 1 0
github.com/sapcc/hermescli/client/attributes.go:84.53,86.6 1 0
github.com/sapcc/hermescli/client/attributes.go:87.5,87.60 1 0
github.com/sapcc/hermescli/client/attributes.go:91.3,91.17 1 0
github.com/sapcc/hermescli/client/attributes.go:92.15,94.18 2 0
github.com/sapcc/hermescli/client/attributes.go:94.18,96.5 1 0
github.com/sapcc/hermescli/client/attributes.go:97.4,97.33 1 0
github.com/sapcc/hermescli/client/attributes.go:98.15,100.18 2 0
github.com/sapcc/hermescli/client/attributes.go:100.18,102.5 1 0
github.com/sapcc/hermescli/client/attributes.go:103.4,103.31 1 0
github.com/sapcc/hermescli/client/attributes.go:104.32,105.57 1 0
github.com/sapcc/hermescli/client/attributes.go:106.11,107.55 1 0
github.com/sapcc/hermescli/client/attributes.go:110.3,110.13 1 0
github.com/sapcc/hermescli/client/attributes.go:114.13,117.2 2 1
github.com/sapcc/hermescli/client/attributes.go:119.31,124.2 4 1
github.com/sapcc/hermescli/client/list.go:37.51,41.46 4 0
github.com/sapcc/hermescli/client/list.go:41.46,43.17 2 0
github.com/sapcc/hermescli/client/list.go:43.17,45.4 1 0
github.com/sapcc/hermescli/client/list.go:47.2,47.24 1 0
github.com/sapcc/hermescli/client/list.go:50.82,54.16 3 0
github.com/sapcc/hermescli/client/list.go:54.16,56.3 1 0
github.com/sapcc/hermescli/client/list.go:58.2,59.28 2 0
github.com/sapcc/hermescli/client/list.go:59.28,61.3 1 0
github.com/sapcc/hermescli/client/list.go:61.8,63.3 1 0
github.com/sapcc/hermescli/client/list.go:65.2,70.28 2 0
github.com/sapcc/hermescli/client/list.go:70.28,72.35 2 0
github.com/sapcc/hermescli/client/list.go:72.35,73.26 1 0
github.com/sapcc/hermescli/client/list.go:73.26,76.5 2 0
github.com/sapcc/hermescli/client/list.go:78.3,78.13 1 0
github.com/sapcc/hermescli/client/list.go:78.13,80.4 1 0
github.com/sapcc/hermescli/client/list.go:81.8,85.3 1 0
github.com/sapcc/hermescli/client/list.go:87.2,87.12 1 0
github.com/sapcc/hermescli/client/list.go:90.55,93.16 2 0
github.com/sapcc/hermescli/client/list.go:93.16,95.3 1 0
github.com/sapcc/hermescli/client/list.go:96.2,97.16 2 0
github.com/sapcc/hermescli/client/list.go:97.16,99.3 1 0
github.com/sapcc/hermescli/client/list.go:100.2,101.35 2 0
github.com/sapcc/hermescli/client/list.go:101.35,102.32 1 0
github.com/sapcc/hermescli/client/list.go:102.32,104.4 1 0
github.com/sapcc/hermescli/client/list.go:105.3,105.28 1 0
github.com/sapcc/hermescli/client/list.go:107.2,107.15 1 0
github.com/sapcc/hermescli/client/list.go:110.49,111.54 1 0
github.com/sapcc/hermescli/client/list.go:111.54,113.36 2 0
github.com/sapcc/hermescli/client/list.go:113.36,114.21 1 0
github.com/sapcc/hermescli/client/list.go:114.21,116.5 1 0
github.com/sapcc/hermescli/client/list.go:117.4,117.22 1 0
github.com/sapcc/hermescli/client/list.go:117.22,119.5 1 0
github.com/sapcc/hermescli/client/list.go:120.4,120.16 1 0
github.com/sapcc/hermescli/client/list.go:122.3,122.21 1 0
github.com/sapcc/hermescli/client/list.go:122.21,124.4 1 0
github.com/sapcc/hermescli/client/list.go:126.2,126.13 1 0
github.com/sapcc/hermescli/client/list.go:129.161,133.89 3 0
github.com/sapcc/hermescli/client/list.go:133.89,135.17 2 0
github.com/sapcc/hermescli/client/list.go:135.17,137.4 1 0
github.com/sapcc/hermescli/client/list.go:139.3,139.14 1 0
github.com/sapcc/hermescli/client/list.go:139.14,145.34 2 0
github.com/sapcc/hermescli/client/list.go:145.34,146.89 1 0
github.com/sapcc/hermescli/client/list.go:146.89,147.24 1 0
github.com/sapcc/hermescli/client/list.go:147.24,149.12 1 0
github.com/sapcc/hermescli/client/list.go:151.6,151.42 1 0
github.com/sapcc/hermescli/client/list.go:151.42,152.24 1 0
github.com/sapcc/hermescli/client/list.go:155.5,155.23 1 0
github.com/sapcc/hermescli/client/list.go:155.23,158.11 2 0
github.com/sapcc/hermescli/client/list.go:159.11,161.6 1 0
github.com/sapcc/hermescli/client/list.go:163.9,165.4 1 0
github.com/sapcc/hermescli/client/list.go:167.3,169.18 2 0
github.com/sapcc/hermescli/client/list.go:169.18,170.61 1 0
github.com/sapcc/hermescli/client/list.go:170.61,172.5 1 0
github.com/sapcc/hermescli/client/list.go:172.10,172.67 1 0
github.com/sapcc/hermescli/client/list.go:172.67,173.48 1 0
github.com/sapcc/hermescli/client/list.go:173.48,175.6 1 0
github.com/sapcc/hermescli/client/list.go:175.11,175.29 1 0
github.com/sapcc/hermescli/client/list.go:175.29,177.6 1 0
github.com/sapcc/hermescli/client/list.go:178.5,178.20 1 0
github.com/sapcc/hermescli/client/list.go:178.20,181.6 2 0
github.com/sapcc/hermescli/client/list.go:185.3,185.18 1 0
github.com/sapcc/hermescli/client/list.go:185.18,187.4 1 0
github.com/sapcc/hermescli/client/list.go:189.3,189.48 1 0
github.com/sapcc/hermescli/client/list.go:189.48,192.4 1 0
github.com/sapcc/hermescli/client/list.go:194.3,195.17 2 0
github.com/sapcc/hermescli/client/list.go:195.17,197.4 1 0
github.com/sapcc/hermescli/client/list.go:199.3,199.75 1 0
github.com/sapcc/hermescli/client/list.go:199.75,203.4 2 0
github.com/sapcc/hermescli/client/list.go:205.3,205.19 1 0
github.com/sapcc/hermescli/client/list.go:207.2,207.16 1 0
github.com/sapcc/hermescli/client/list.go:207.16,209.3 1 0
github.com/sapcc/hermescli/client/list.go:211.2,211.40 1 0
github.com/sapcc/hermescli/client/list.go:211.40,213.62 1 0
github.com/sapcc/hermescli/client/list.go:213.62,215.4 1 0
github.com/sapcc/hermescli/client/list.go:216.3,217.38 2 0
github.com/sapcc/hermescli/client/list.go:217.38,219.4 1 0
github.com/sapcc/hermescli/client/list.go:220.3,220.73 1 0
github.com/sapcc/hermescli/client/list.go:223.2,223.12 1 0
github.com/sapcc/hermescli/client/list.go:231.57,232.55 1 0
github.com/sapcc/hermescli/client/list.go:232.55,234.4 1 0
github.com/sapcc/hermescli/client/list.go:237.3,240.45 4 0
github.com/sapcc/hermescli/client/list.go:240.45,242.4 1 0
github.com/sapcc/hermescli/client/list.go:244.3,244.48 1 0
github.com/sapcc/hermescli/client/list.go:246.54,251.25 3 0
github.com/sapcc/hermescli/client/list.go:251.25,253.4 1 0
github.com/sapcc/hermescli/client/list.go:254.3,257.36 3 0
github.com/sapcc/hermescli/client/list.go:257.36,259.4 1 0
github.com/sapcc/hermescli/client/list.go:261.3,276.46 2 0
github.com/sapcc/hermescli/client/list.go:276.46,279.4 1 0
github.com/sapcc/hermescli/client/list.go:281.3,281.44 1 0
github.com/sapcc/hermescli/client/list.go:281.44,283.18 2 0
github.com/sapcc/hermescli/client/list.go:283.18,285.5 1 0
github.com/sapcc/hermescli/client/list.go:286.4,290.5 1 0
github.com/sapcc/hermescli/client/list.go:292.3,292.50 1 0
github.com/sapcc/hermescli/client/list.go:292.50,294.18 2 0
github.com/sapcc/hermescli/client/list.go:294.18,296.5 1 0
github.com/sapcc/hermescli/client/list.go:297.4,300.6 1 0
github.com/sapcc/hermescli/client/list.go:302.3,302.48 1 0
github.com/sapcc/hermescli/client/list.go:302.48,304.18 2 0
github.com/sapcc/hermescli/client/list.go:304.18,306.5 1 0
github.com/sapcc/hermescli/client/list.go:307.4,310.6 1 0
github.com/sapcc/hermescli/client/list.go:313.3,314.17 2 0
github.com/sapcc/hermescli/client/list.go:314.17,316.4 1 0
github.com/sapcc/hermescli/client/list.go:318.3,321.112 3 0
github.com/sapcc/hermescli/client/list.go:321.112,322.18 1 0
github.com/sapcc/hermescli/client/list.go:322.18,324.5 1 0
github.com/sapcc/hermescli/client/list.go:325.4,325.59 1 0
github.com/sapcc/hermescli/client/list.go:327.3,327.17 1 0
github.com/sapcc/hermescli/client/list.go:327.17,329.4 1 0
github.com/sapcc/hermescli/client/list.go:331.3,331.24 1 0
github.com/sapcc/hermescli/client/list.go:331.24,338.32 6 0
github.com/sapcc/hermescli/client/list.go:338.32,341.32 3 0
github.com/sapcc/hermescli/client/list.go:341.32,344.6 2 0
github.com/sapcc/hermescli/client/list.go:345.5,345.27 1 0
github.com/sapcc/hermescli/client/list.go:348.4,350.27 2 0
github.com/sapcc/hermescli/client/list.go:351.9,353.4 1 0
github.com/sapcc/hermescli/client/list.go:355.3,355.13 1 0
github.com/sapcc/hermescli/client/list.go:359.13,362.2 2 1
github.com/sapcc/hermescli/client/list.go:364.25,384.2 16 1
github.com/sapcc/hermescli/client/main.go:28.16,30.42 2 0
github.com/sapcc/hermescli/client/main.go:30.42,32.3 1 0
github.com/sapcc/hermescli/client/main.go:35.25,43.2 6 0
github.com/sapcc/hermescli/client/main.go:48.62,50.16 2 0
github.com/sapcc/hermescli/client/main.go:50.16,52.3 1 0
github.com/sapcc/hermescli/client/main.go:70.2,71.16 2 0
github.com/sapcc/hermescli/client/main.go:71.16,73.3 1 0
github.com/sapcc/hermescli/client/main.go:75.2,75.28 1 0
github.com/sapcc/hermescli/client/main.go:75.28,82.3 1 0
github.com/sapcc/hermescli/client/main.go:84.2,85.16 2 0
github.com/sapcc/hermescli/client/main.go:85.16,87.3 1 0
github.com/sapcc/hermescli/client/main.go:89.2,91.4 1 0
github.com/sapcc/hermescli/client/main.go:94.53,97.28 2 0
github.com/sapcc/hermescli/client/main.go:97.28,98.29 1 0
github.com/sapcc/hermescli/client/main.go:98.29,100.4 1 0
github.com/sapcc/hermescli/client/main.go:101.3,101.43 1 0
github.com/sapcc/hermescli/client/main.go:101.43,103.4 1 0
github.com/sapcc/hermescli/client/main.go:107.2,107.73 1 0
github.com/sapcc/hermescli/client/main.go:107.73,109.3 1 0
github.com/sapcc/hermescli/client/main.go:112.2,114.36 3 0
github.com/sapcc/hermescli/client/main.go:114.36,116.3 1 0
github.com/sapcc/hermescli/client/main.go:118.2,118.12 1 0
github.com/sapcc/hermescli/client/main.go:122.55,123.23 1 0
github.com/sapcc/hermescli/client/main.go:123.23,124.15 1 0
github.com/sapcc/hermescli/client/main.go:124.15,126.4 1 0
github.com/sapcc/hermescli/client/main.go:128.2,128.14 1 0
github.com/sapcc/hermescli/client/print.go:22.54,28.34 5 1
github.com/sapcc/hermescli/client/print.go:28.34,30.3 1 1
github.com/sapcc/hermescli/client/print.go:31.2,39.35 6 1
github.com/sapcc/hermescli/client/print.go:39.35,41.3 1 1
github.com/sapcc/hermescli/client/print.go:42.2,42.37 1 1
github.com/sapcc/hermescli/client/print.go:42.37,44.3 1 1
github.com/sapcc/hermescli/client/print.go:45.2,45.33 1 1
github.com/sapcc/hermescli/client/print.go:45.33,48.3 2 1
github.com/sapcc/hermescli/client/print.go:50.2,50.46 1 1
github.com/sapcc/hermescli/client/print.go:50.46,52.3 1 1
github.com/sapcc/hermescli/client/print.go:54.2,54.32 1 1
github.com/sapcc/hermescli/client/print.go:54.32,56.3 1 1
github.com/sapcc/hermescli/client/print.go:58.2,59.47 2 1
github.com/sapcc/hermescli/client/print.go:59.47,60.32 1 0
github.com/sapcc/hermescli/client/print.go:60.32,62.4 1 0
github.com/sapcc/hermescli/client/print.go:64.2,64.54 1 1
github.com/sapcc/hermescli/client/print.go:64.54,65.32 1 0
github.com/sapcc/hermescli/client/print.go:65.32,67.4 1 0
github.com/sapcc/hermescli/client/print.go:69.2,69.26 1 1
github.com/sapcc/hermescli/client/print.go:69.26,71.3 1 0
github.com/sapcc/hermescli/client/print.go:73.2,73.11 1 1
github.com/sapcc/hermescli/client/print.go:76.83,77.16 1 0
github.com/sapcc/hermescli/client/print.go:78.14,79.30 1 0
github.com/sapcc/hermescli/client/print.go:80.14,81.30 1 0
github.com/sapcc/hermescli/client/print.go:82.13,83.39 1 0
github.com/sapcc/hermescli/client/print.go:84.15,85.41 1 0
github.com/sapcc/hermescli/client/print.go:87.2,87.53 1 0
github.com/sapcc/hermescli/client/print.go:90.66,94.44 3 0
github.com/sapcc/hermescli/client/print.go:94.44,96.3 1 0
github.com/sapcc/hermescli/client/print.go:98.2,98.30 1 0
github.com/sapcc/hermescli/client/print.go:98.30,101.30 3 0
github.com/sapcc/hermescli/client/print.go:101.30,104.4 2 0
github.com/sapcc/hermescli/client/print.go:105.3,105.45 1 0
github.com/sapcc/hermescli/client/print.go:105.45,107.4 1 0
github.com/sapcc/hermescli/client/print.go:110.2,114.12 3 0
github.com/sapcc/hermescli/client/print.go:117.48,118.24 1 0
github.com/sapcc/hermescli/client/print.go:118.24,120.17 2 0
github.com/sapcc/hermescli/client/print.go:120.17,122.4 1 0
github.com/sapcc/hermescli/client/print.go:123.3,123.33 1 0
github.com/sapcc/hermescli/client/print.go:124.8,124.32 1 0
github.com/sapcc/hermescli/client/print.go:124.32,126.17 2 0
github.com/sapcc/hermescli/client/print.go:126.17,128.4 1 0
github.com/sapcc/hermescli/client/print.go:129.3,129.32 1 0
github.com/sapcc/hermescli/client/print.go:131.2,131.12 1 0
github.com/sapcc/hermescli/client/print.go:134.48,135.24 1 0
github.com/sapcc/hermescli/client/print.go:135.24,137.17 2 0
github.com/sapcc/hermescli/client/print.go:137.17,139.4 1 0
github.com/sapcc/hermescli/client/print.go:140.3,140.31 1 0
github.com/sapcc/hermescli/client/print.go:141.8,141.32 1 0
github.com/sapcc/hermescli/client/print.go:141.32,143.17 2 0
github.com/sapcc/hermescli/client/print.go:143.17,145.4 1 0
github.com/sapcc/hermescli/client/print.go:146.3,146.30 1 0
github.com/sapcc/hermescli/client/print.go:148.2,148.12 1 0
github.com/sapcc/hermescli/client/print.go:151.68,152.30 1 0
github.com/sapcc/hermescli/client/print.go:152.30,155.30 3 0
github.com/sapcc/hermescli/client/print.go:155.30,158.4 2 0
github.com/sapcc/hermescli/client/print.go:159.3,159.43 1 0
github.com/sapcc/hermescli/client/print.go:161.2,161.12 1 0
github.com/sapcc/hermescli/client/show.go:39.57,40.55 1 0
github.com/sapcc/hermescli/client/show.go:40.55,42.4 1 0
github.com/sapcc/hermescli/client/show.go:44.3,44.48 1 0
github.com/sapcc/hermescli/client/show.go:46.54,49.17 2 0
github.com/sapcc/hermescli/client/show.go:49.17,51.4 1 0
github.com/sapcc/hermescli/client/show.go:53.3,54.25 2 0
github.com/sapcc/hermescli/client/show.go:54.25,56.4 1 0
github.com/sapcc/hermescli/client/show.go:57.3,61.20 3 0
github.com/sapcc/hermescli/client/show.go:61.20,65.4 3 0
github.com/sapcc/hermescli/client/show.go:67.3,68.36 2 0
github.com/sapcc/hermescli/client/show.go:68.36,70.4 1 0
github.com/sapcc/hermescli/client/show.go:72.3,77.27 3 0
github.com/sapcc/hermescli/client/show.go:77.27,78.18 1 0
github.com/sapcc/hermescli/client/show.go:78.18,80.5 1 0
github.com/sapcc/hermescli/client/show.go:81.4,82.18 2 0
github.com/sapcc/hermescli/client/show.go:82.18,84.13 2 0
github.com/sapcc/hermescli/client/show.go:86.4,86.41 1 0
github.com/sapcc/hermescli/client/show.go:90.3,90.17 1 0
github.com/sapcc/hermescli/client/show.go:90.17,92.4 1 0
github.com/sapcc/hermescli/client/show.go:94.3,94.24 1 0
github.com/sapcc/hermescli/client/show.go:94.24,95.36 1 0
github.com/sapcc/hermescli/client/show.go:95.36,106.32 7 0
github.com/sapcc/hermescli/client/show.go:106.32,107.28 1 0
github.com/sapcc/hermescli/client/show.go:107.28,109.7 1 0
github.com/sapcc/hermescli/client/show.go:112.5,114.28 2 0
github.com/sapcc/hermescli/client/show.go:116.9,118.4 1 0
github.com/sapcc/hermescli/client/show.go:120.3,120.13 1 0
github.com/sapcc/hermescli/client/show.go:124.13,127.2 2 1
github.com/sapcc/hermescli/client/show.go:129.25,132.2 2 1
github.com/sapcc/hermescli/client/version.go:16.47,19.3 1 0
github.com/sapcc/hermescli/client/version.go:22.13,24.2 1 1
